<?xml version="1.0" encoding="UTF-8"?>
<testsuite xmlns:xsi="http://www.w3.org/2001/XMLSchema-instance" xsi:noNamespaceSchemaLocation="https://maven.apache.org/surefire/maven-surefire-plugin/xsd/surefire-test-report-3.0.xsd" version="3.0" name="com.phyzicsz.milo.core.MiloRenderServiceTest" time="0.938" tests="5" errors="0" skipped="0" failures="0">
  <properties>
    <property name="java.specification.version" value="14"/>
    <property name="sun.jnu.encoding" value="UTF-8"/>
    <property name="java.class.path" value="/home/pborawski/development/milo/milo/milo-service/target/test-classes:/home/pborawski/development/milo/milo/milo-service/target/classes:/home/pborawski/.m2/repository/org/slf4j/slf4j-api/1.7.29/slf4j-api-1.7.29.jar:/home/pborawski/.m2/repository/ch/qos/logback/logback-classic/1.2.3/logback-classic-1.2.3.jar:/home/pborawski/.m2/repository/ch/qos/logback/logback-core/1.2.3/logback-core-1.2.3.jar:/home/pborawski/.m2/repository/org/junit/jupiter/junit-jupiter/5.7.0-M1/junit-jupiter-5.7.0-M1.jar:/home/pborawski/.m2/repository/org/junit/jupiter/junit-jupiter-api/5.7.0-M1/junit-jupiter-api-5.7.0-M1.jar:/home/pborawski/.m2/repository/org/apiguardian/apiguardian-api/1.1.0/apiguardian-api-1.1.0.jar:/home/pborawski/.m2/repository/org/opentest4j/opentest4j/1.2.0/opentest4j-1.2.0.jar:/home/pborawski/.m2/repository/org/junit/platform/junit-platform-commons/1.7.0-M1/junit-platform-commons-1.7.0-M1.jar:/home/pborawski/.m2/repository/org/junit/jupiter/junit-jupiter-params/5.7.0-M1/junit-jupiter-params-5.7.0-M1.jar:/home/pborawski/.m2/repository/org/junit/jupiter/junit-jupiter-engine/5.7.0-M1/junit-jupiter-engine-5.7.0-M1.jar:/home/pborawski/.m2/repository/org/junit/platform/junit-platform-engine/1.7.0-M1/junit-platform-engine-1.7.0-M1.jar:/home/pborawski/.m2/repository/org/assertj/assertj-core/3.16.1/assertj-core-3.16.1.jar:"/>
    <property name="java.vm.vendor" value="Oracle Corporation"/>
    <property name="sun.arch.data.model" value="64"/>
    <property name="sun.font.fontmanager" value="sun.awt.X11FontManager"/>
    <property name="java.vendor.url" value="https://java.oracle.com/"/>
    <property name="user.timezone" value="America/Menominee"/>
    <property name="os.name" value="Linux"/>
    <property name="java.vm.specification.version" value="14"/>
    <property name="sun.java.launcher" value="SUN_STANDARD"/>
    <property name="user.country" value="US"/>
    <property name="sun.boot.library.path" value="/home/pborawski/.sdkman/candidates/java/14.0.1-open/lib"/>
    <property name="sun.java.command" value="/home/pborawski/development/milo/milo/milo-service/target/surefire/surefirebooter2207037808863575112.jar /home/pborawski/development/milo/milo/milo-service/target/surefire 2020-08-02T16-31-49_990-jvmRun1 surefire4758118332324727654tmp surefire_011476225231913978046tmp"/>
    <property name="jdk.debug" value="release"/>
    <property name="surefire.test.class.path" value="/home/pborawski/development/milo/milo/milo-service/target/test-classes:/home/pborawski/development/milo/milo/milo-service/target/classes:/home/pborawski/.m2/repository/org/slf4j/slf4j-api/1.7.29/slf4j-api-1.7.29.jar:/home/pborawski/.m2/repository/ch/qos/logback/logback-classic/1.2.3/logback-classic-1.2.3.jar:/home/pborawski/.m2/repository/ch/qos/logback/logback-core/1.2.3/logback-core-1.2.3.jar:/home/pborawski/.m2/repository/org/junit/jupiter/junit-jupiter/5.7.0-M1/junit-jupiter-5.7.0-M1.jar:/home/pborawski/.m2/repository/org/junit/jupiter/junit-jupiter-api/5.7.0-M1/junit-jupiter-api-5.7.0-M1.jar:/home/pborawski/.m2/repository/org/apiguardian/apiguardian-api/1.1.0/apiguardian-api-1.1.0.jar:/home/pborawski/.m2/repository/org/opentest4j/opentest4j/1.2.0/opentest4j-1.2.0.jar:/home/pborawski/.m2/repository/org/junit/platform/junit-platform-commons/1.7.0-M1/junit-platform-commons-1.7.0-M1.jar:/home/pborawski/.m2/repository/org/junit/jupiter/junit-jupiter-params/5.7.0-M1/junit-jupiter-params-5.7.0-M1.jar:/home/pborawski/.m2/repository/org/junit/jupiter/junit-jupiter-engine/5.7.0-M1/junit-jupiter-engine-5.7.0-M1.jar:/home/pborawski/.m2/repository/org/junit/platform/junit-platform-engine/1.7.0-M1/junit-platform-engine-1.7.0-M1.jar:/home/pborawski/.m2/repository/org/assertj/assertj-core/3.16.1/assertj-core-3.16.1.jar:"/>
    <property name="sun.cpu.endian" value="little"/>
    <property name="user.home" value="/home/pborawski"/>
    <property name="user.language" value="en"/>
    <property name="java.specification.vendor" value="Oracle Corporation"/>
    <property name="java.version.date" value="2020-04-14"/>
    <property name="java.home" value="/home/pborawski/.sdkman/candidates/java/14.0.1-open"/>
    <property name="file.separator" value="/"/>
    <property name="basedir" value="/home/pborawski/development/milo/milo/milo-service"/>
    <property name="java.vm.compressedOopsMode" value="Zero based"/>
    <property name="line.separator" value="&#10;"/>
    <property name="java.vm.specification.vendor" value="Oracle Corporation"/>
    <property name="java.specification.name" value="Java Platform API Specification"/>
    <property name="surefire.real.class.path" value="/home/pborawski/development/milo/milo/milo-service/target/surefire/surefirebooter2207037808863575112.jar"/>
    <property name="sun.management.compiler" value="HotSpot 64-Bit Tiered Compilers"/>
    <property name="java.runtime.version" value="14.0.1+7"/>
    <property name="user.name" value="pborawski"/>
    <property name="path.separator" value=":"/>
    <property name="os.version" value="5.4.0-40-generic"/>
    <property name="java.runtime.name" value="OpenJDK Runtime Environment"/>
    <property name="file.encoding" value="UTF-8"/>
    <property name="java.vm.name" value="OpenJDK 64-Bit Server VM"/>
    <property name="maven.ext.class.path" value="/snap/netbeans/30/netbeans/java/maven-nblib/netbeans-eventspy.jar"/>
    <property name="localRepository" value="/home/pborawski/.m2/repository"/>
    <property name="java.vendor.url.bug" value="https://bugreport.java.com/bugreport/"/>
    <property name="java.io.tmpdir" value="/tmp"/>
    <property name="java.version" value="14.0.1"/>
    <property name="user.dir" value="/home/pborawski/development/milo/milo/milo-service"/>
    <property name="os.arch" value="amd64"/>
    <property name="java.vm.specification.name" value="Java Virtual Machine Specification"/>
    <property name="java.library.path" value="/usr/java/packages/lib:/usr/lib64:/lib64:/lib:/usr/lib"/>
    <property name="java.vm.info" value="mixed mode, sharing"/>
    <property name="java.vendor" value="Oracle Corporation"/>
    <property name="java.vm.version" value="14.0.1+7"/>
    <property name="sun.io.unicode.encoding" value="UnicodeLittle"/>
    <property name="java.class.version" value="58.0"/>
  </properties>
  <testcase name="testHostileSymbology" classname="com.phyzicsz.milo.core.MiloRenderServiceTest" time="0.521"/>
  <testcase name="testNeutralSymbology" classname="com.phyzicsz.milo.core.MiloRenderServiceTest" time="0.05"/>
  <testcase name="testFriendlySymbology" classname="com.phyzicsz.milo.core.MiloRenderServiceTest" time="0.111"/>
  <testcase name="testUnknownSymbology" classname="com.phyzicsz.milo.core.MiloRenderServiceTest" time="0.159"/>
  <testcase name="testSetDefaultSymbologyStandard" classname="com.phyzicsz.milo.core.MiloRenderServiceTest" time="0.024"/>
</testsuite>